31-May-2019 11:53:33.194 정보 [main] org.apache.catalina.startup.VersionLoggerListener.log Server version:        Apache Tomcat/8.5.40
31-May-2019 11:53:33.210 정보 [main] org.apache.catalina.startup.VersionLoggerListener.log Server built:          Apr 10 2019 14:31:19 UTC
31-May-2019 11:53:33.210 정보 [main] org.apache.catalina.startup.VersionLoggerListener.log Server number:         8.5.40.0
31-May-2019 11:53:33.211 정보 [main] org.apache.catalina.startup.VersionLoggerListener.log OS Name:               Windows 10
31-May-2019 11:53:33.211 정보 [main] org.apache.catalina.startup.VersionLoggerListener.log OS Version:            10.0
31-May-2019 11:53:33.211 정보 [main] org.apache.catalina.startup.VersionLoggerListener.log Architecture:          amd64
31-May-2019 11:53:33.212 정보 [main] org.apache.catalina.startup.VersionLoggerListener.log Java Home:             C:\Program Files\Java\jdk1.8.0_191\jre
31-May-2019 11:53:33.212 정보 [main] org.apache.catalina.startup.VersionLoggerListener.log JVM Version:           1.8.0_191-b12
31-May-2019 11:53:33.212 정보 [main] org.apache.catalina.startup.VersionLoggerListener.log JVM Vendor:            Oracle Corporation
31-May-2019 11:53:33.213 정보 [main] org.apache.catalina.startup.VersionLoggerListener.log CATALINA_BASE:         C:\Users\RHIE\Desktop\Wk_Station\Networking\apache-tomcat-8.5.40
31-May-2019 11:53:33.213 정보 [main] org.apache.catalina.startup.VersionLoggerListener.log CATALINA_HOME:         C:\Users\RHIE\Desktop\Wk_Station\Networking\apache-tomcat-8.5.40
31-May-2019 11:53:33.215 정보 [main] org.apache.catalina.startup.VersionLoggerListener.log Command line argument: -Djava.util.logging.config.file=C:\Users\RHIE\Desktop\Wk_Station\Networking\apache-tomcat-8.5.40\conf\logging.properties
31-May-2019 11:53:33.215 정보 [main] org.apache.catalina.startup.VersionLoggerListener.log Command line argument: -Djava.util.logging.manager=org.apache.juli.ClassLoaderLogManager
31-May-2019 11:53:33.217 정보 [main] org.apache.catalina.startup.VersionLoggerListener.log Command line argument: -Djdk.tls.ephemeralDHKeySize=2048
31-May-2019 11:53:33.225 정보 [main] org.apache.catalina.startup.VersionLoggerListener.log Command line argument: -Djava.protocol.handler.pkgs=org.apache.catalina.webresources
31-May-2019 11:53:33.226 정보 [main] org.apache.catalina.startup.VersionLoggerListener.log Command line argument: -Dignore.endorsed.dirs=
31-May-2019 11:53:33.228 정보 [main] org.apache.catalina.startup.VersionLoggerListener.log Command line argument: -Dcatalina.base=C:\Users\RHIE\Desktop\Wk_Station\Networking\apache-tomcat-8.5.40
31-May-2019 11:53:33.230 정보 [main] org.apache.catalina.startup.VersionLoggerListener.log Command line argument: -Dcatalina.home=C:\Users\RHIE\Desktop\Wk_Station\Networking\apache-tomcat-8.5.40
31-May-2019 11:53:33.234 정보 [main] org.apache.catalina.startup.VersionLoggerListener.log Command line argument: -Djava.io.tmpdir=C:\Users\RHIE\Desktop\Wk_Station\Networking\apache-tomcat-8.5.40\temp
31-May-2019 11:53:33.236 정보 [main] org.apache.catalina.core.AprLifecycleListener.lifecycleEvent The APR based Apache Tomcat Native library which allows optimal performance in production environments was not found on the java.library.path: [C:\Program Files\Java\jdk1.8.0_191\bin;C:\WINDOWS\Sun\Java\bin;C:\WINDOWS\system32;C:\WINDOWS;C:\oraclexe\app\oracle\product\11.2.0\server\bin;C:\Program Files (x86)\NAT Service;C:\Program Files (x86)\Common Files\Oracle\Java\javapath;C:\Program Files (x86)\Intel\iCLS Client\;C:\Program Files\Intel\iCLS Client\;C:\windows\system32;C:\windows;C:\windows\System32\Wbem;C:\windows\System32\WindowsPowerShell\v1.0\;C:\Program Files (x86)\NVIDIA Corporation\PhysX\Common;C:\Program Files (x86)\Intel\Intel(R) Management Engine Components\DAL;C:\Program Files\Intel\Intel(R) Management Engine Components\DAL;C:\Program Files (x86)\Intel\Intel(R) Management Engine Components\IPT;C:\Program Files\Intel\Intel(R) Management Engine Components\IPT;C:\Program Files\Intel\WiFi\bin\;C:\Program Files\Common Files\Intel\WirelessCommon\;C:\WINDOWS\system32;C:\WINDOWS;C:\WINDOWS\System32\Wbem;C:\WINDOWS\System32\WindowsPowerShell\v1.0\;C:\WINDOWS\System32\OpenSSH\;C:\Program Files\Java\jdk1.8.0_191\bin\;C:\Program Files (x86)\Vim\vim81;C:\ProgramData\Anaconda3;C:\ProgramData\Anaconda3\Library\mingw-w64\bin;C:\ProgramData\Anaconda3\Library\usr\bin;C:\ProgramData\Anaconda3\Library\bin;C:\ProgramData\Anaconda3\Scripts;C:\Users\RHIE\.spyder-py3\_0_coding history\oracle\instantclient-basic-windows.x64-12.2.0.1.0\instantclient_12_2;C:\Program Files\MySQL\MySQL Shell 8.0\bin\;.]
31-May-2019 11:53:33.475 정보 [main] org.apache.coyote.AbstractProtocol.init Initializing ProtocolHandler ["http-nio-8080"]
31-May-2019 11:53:34.031 정보 [main] org.apache.tomcat.util.net.NioSelectorPool.getSharedSelector Using a shared selector for servlet write/read
31-May-2019 11:53:34.073 정보 [main] org.apache.coyote.AbstractProtocol.init Initializing ProtocolHandler ["ajp-nio-8009"]
31-May-2019 11:53:34.085 정보 [main] org.apache.tomcat.util.net.NioSelectorPool.getSharedSelector Using a shared selector for servlet write/read
31-May-2019 11:53:34.089 정보 [main] org.apache.catalina.startup.Catalina.load Initialization processed in 1522 ms
31-May-2019 11:53:34.132 정보 [main] org.apache.catalina.core.StandardService.startInternal Starting service [Catalina]
31-May-2019 11:53:34.136 정보 [main] org.apache.catalina.core.StandardEngine.startInternal Starting Servlet Engine: Apache Tomcat/8.5.40
31-May-2019 11:53:34.188 정보 [localhost-startStop-1] org.apache.catalina.startup.HostConfig.deployWAR Deploying web application archive [C:\Users\RHIE\Desktop\Wk_Station\Networking\apache-tomcat-8.5.40\webapps\LectureFiles3.war]
31-May-2019 11:53:34.763 정보 [localhost-startStop-1] org.apache.catalina.startup.HostConfig.deployWAR Deployment of web application archive [C:\Users\RHIE\Desktop\Wk_Station\Networking\apache-tomcat-8.5.40\webapps\LectureFiles3.war] has finished in [574] ms
31-May-2019 11:53:34.768 정보 [localhost-startStop-1] org.apache.catalina.startup.HostConfig.deployDirectory Deploying web application directory [C:\Users\RHIE\Desktop\Wk_Station\Networking\apache-tomcat-8.5.40\webapps\docs]
31-May-2019 11:53:34.842 정보 [localhost-startStop-1] org.apache.catalina.startup.HostConfig.deployDirectory Deployment of web application directory [C:\Users\RHIE\Desktop\Wk_Station\Networking\apache-tomcat-8.5.40\webapps\docs] has finished in [73] ms
31-May-2019 11:53:34.844 정보 [localhost-startStop-1] org.apache.catalina.startup.HostConfig.deployDirectory Deploying web application directory [C:\Users\RHIE\Desktop\Wk_Station\Networking\apache-tomcat-8.5.40\webapps\examples]
31-May-2019 11:53:36.408 정보 [localhost-startStop-1] org.apache.catalina.startup.HostConfig.deployDirectory Deployment of web application directory [C:\Users\RHIE\Desktop\Wk_Station\Networking\apache-tomcat-8.5.40\webapps\examples] has finished in [1,564] ms
31-May-2019 11:53:36.412 정보 [localhost-startStop-1] org.apache.catalina.startup.HostConfig.deployDirectory Deploying web application directory [C:\Users\RHIE\Desktop\Wk_Station\Networking\apache-tomcat-8.5.40\webapps\host-manager]
31-May-2019 11:53:36.522 정보 [localhost-startStop-1] org.apache.catalina.startup.HostConfig.deployDirectory Deployment of web application directory [C:\Users\RHIE\Desktop\Wk_Station\Networking\apache-tomcat-8.5.40\webapps\host-manager] has finished in [110] ms
31-May-2019 11:53:36.527 정보 [localhost-startStop-1] org.apache.catalina.startup.HostConfig.deployDirectory Deploying web application directory [C:\Users\RHIE\Desktop\Wk_Station\Networking\apache-tomcat-8.5.40\webapps\manager]
31-May-2019 11:53:36.667 정보 [localhost-startStop-1] org.apache.catalina.startup.HostConfig.deployDirectory Deployment of web application directory [C:\Users\RHIE\Desktop\Wk_Station\Networking\apache-tomcat-8.5.40\webapps\manager] has finished in [139] ms
31-May-2019 11:53:36.673 정보 [localhost-startStop-1] org.apache.catalina.startup.HostConfig.deployDirectory Deploying web application directory [C:\Users\RHIE\Desktop\Wk_Station\Networking\apache-tomcat-8.5.40\webapps\ROOT]
31-May-2019 11:53:36.799 정보 [localhost-startStop-1] org.apache.catalina.startup.HostConfig.deployDirectory Deployment of web application directory [C:\Users\RHIE\Desktop\Wk_Station\Networking\apache-tomcat-8.5.40\webapps\ROOT] has finished in [126] ms
31-May-2019 11:53:36.809 정보 [main] org.apache.coyote.AbstractProtocol.start Starting ProtocolHandler ["http-nio-8080"]
31-May-2019 11:53:36.828 정보 [main] org.apache.coyote.AbstractProtocol.start Starting ProtocolHandler ["ajp-nio-8009"]
31-May-2019 11:53:36.836 정보 [main] org.apache.catalina.startup.Catalina.start Server startup in 2743 ms
